<?xml version="1.0" encoding="UTF-8"?>
<!-- Generated by org.testng.reporters.JUnitReportReporter -->
<testsuite skipped="0" hostname="P214M01" name="Bookings.BookHolidayPackage" tests="3" failures="0" timestamp="01 Nov 2023 02:22:35 GMT" time="0.009" errors="0">
  <testcase name="BookHolidayPackage_departure" time="0.007" classname="Bookings.BookHolidayPackage"/>
  <testcase name="BookHolidayPackage_return" time="0.001" classname="Bookings.BookHolidayPackage"/>
  <testcase name="BookHolidayPackage_destination" time="0.001" classname="Bookings.BookHolidayPackage"/>
</testsuite> <!-- Bookings.BookHolidayPackage -->
