<?xml version="1.0" encoding="UTF-8"?>
<!-- Generated by org.testng.reporters.JUnitReportReporter -->
<testsuite skipped="0" hostname="P214M01" name="Bookings.BookHotel" tests="3" failures="0" timestamp="01 Nov 2023 02:22:35 GMT" time="0.004" errors="0">
  <testcase name="BookHotel_CheckOut" time="0.002" classname="Bookings.BookHotel"/>
  <testcase name="BookHotel_DestinationCity" time="0.001" classname="Bookings.BookHotel"/>
  <testcase name="BookHotel_Checkin" time="0.001" classname="Bookings.BookHotel"/>
</testsuite> <!-- Bookings.BookHotel -->
