<?xml version="1.0" encoding="UTF-8"?>
<!-- Generated by org.testng.reporters.JUnitReportReporter -->
<testsuite skipped="0" hostname="P214M01" name="Bookings.BookFlight" tests="4" failures="0" timestamp="01 Nov 2023 02:22:35 GMT" time="0.006" errors="0">
  <testcase name="BookFligh_Oneway_TestCase3" time="0.001" classname="Bookings.BookFlight"/>
  <testcase name="BookFligh_RoundTrip_TestCase1" time="0.003" classname="Bookings.BookFlight"/>
  <testcase name="BookFligh_Oneway_TestCase4" time="0.001" classname="Bookings.BookFlight"/>
  <testcase name="BookFligh_RoundTrip_TestCase2" time="0.001" classname="Bookings.BookFlight"/>
</testsuite> <!-- Bookings.BookFlight -->
