<?xml version="1.0" encoding="UTF-8"?>
<!-- Generated by org.testng.reporters.JUnitReportReporter -->
<testsuite skipped="0" hostname="P214M01" name="Bookings.FlightStatus" tests="1" failures="0" timestamp="01 Nov 2023 02:22:35 GMT" time="0.001" errors="0">
  <testcase name="FlightStatus_TestCase1" time="0.001" classname="Bookings.FlightStatus"/>
</testsuite> <!-- Bookings.FlightStatus -->
